0 info it worked if it ends with ok
1 verbose cli [
1 verbose cli   '/usr/bin/node',
1 verbose cli   '/home/manu/SynologyDrive/Notes/5BHIT/SYT/Theorie/diff-sync-js/node_modules/.bin/npm',
1 verbose cli   'ls',
1 verbose cli   '@scarf/scarf',
1 verbose cli   '--json',
1 verbose cli   '--long'
1 verbose cli ]
2 info using npm@3.10.10
3 info using node@v23.2.0
4 verbose stack TypeError: cb.apply is not a function
4 verbose stack     at /home/manu/SynologyDrive/Notes/5BHIT/SYT/Theorie/diff-sync-js/node_modules/npm/node_modules/graceful-fs/polyfills.js:267:18
4 verbose stack     at FSReqCallback.oncomplete (node:fs:199:5)
5 verbose cwd /home/manu/SynologyDrive/Notes/5BHIT/SYT/Theorie/diff-sync-js
6 error Linux 6.11.8-2-cachyos
7 error argv "/usr/bin/node" "/home/manu/SynologyDrive/Notes/5BHIT/SYT/Theorie/diff-sync-js/node_modules/.bin/npm" "ls" "@scarf/scarf" "--json" "--long"
8 error node v23.2.0
9 error npm  v3.10.10
10 error cb.apply is not a function
11 error If you need help, you may report this error at:
11 error     <https://github.com/npm/npm/issues>
12 verbose exit [ 1, true ]
